[2021-06-02 14:35:11.502] SiteSecurityMeasureApplyingInitiated|Applying of security measure initiated|INFO|haitamchin.vn|haitamchin.vn|220|https://haitamchin.vn|Security Measures|Applying of security measure "Restrict access to files and directories" was initiated
[2021-06-02 14:35:12.155] SiteSecurityMeasureApplied|Security measure applied|INFO|haitamchin.vn|haitamchin.vn|220|https://haitamchin.vn|Security Measures|Security measure "Restrict access to files and directories" was applied
[2021-06-02 14:35:12.986] SiteSecurityMeasureApplyingInitiated|Applying of security measure initiated|INFO|haitamchin.vn|haitamchin.vn|220|https://haitamchin.vn|Security Measures|Applying of security measure "Configure security keys" was initiated
[2021-06-02 14:35:14.578] SiteSecurityMeasureApplied|Security measure applied|INFO|haitamchin.vn|haitamchin.vn|220|https://haitamchin.vn|Security Measures|Security measure "Configure security keys" was applied
[2021-06-02 14:35:14.964] SiteSecurityMeasureApplyingInitiated|Applying of security measure initiated|INFO|haitamchin.vn|haitamchin.vn|220|https://haitamchin.vn|Security Measures|Applying of security measure "Block access to sensitive files" was initiated
[2021-06-02 14:35:15.863] SiteSecurityMeasureApplied|Security measure applied|INFO|haitamchin.vn|haitamchin.vn|220|https://haitamchin.vn|Security Measures|Security measure "Block access to sensitive files" was applied
[2021-06-02 14:35:16.146] SiteSecurityMeasureApplyingInitiated|Applying of security measure initiated|INFO|haitamchin.vn|haitamchin.vn|220|https://haitamchin.vn|Security Measures|Applying of security measure "Block unauthorized access to wp-config.php" was initiated
[2021-06-02 14:35:16.656] SiteSecurityMeasureApplied|Security measure applied|INFO|haitamchin.vn|haitamchin.vn|220|https://haitamchin.vn|Security Measures|Security measure "Block unauthorized access to wp-config.php" was applied
[2021-06-02 14:35:16.908] SiteSecurityMeasureApplyingInitiated|Applying of security measure initiated|INFO|haitamchin.vn|haitamchin.vn|220|https://haitamchin.vn|Security Measures|Applying of security measure "Disable PHP execution in cache directories" was initiated
[2021-06-02 14:35:17.600] SiteSecurityMeasureApplied|Security measure applied|INFO|haitamchin.vn|haitamchin.vn|220|https://haitamchin.vn|Security Measures|Security measure "Disable PHP execution in cache directories" was applied
[2021-06-02 14:35:17.921] SiteSecurityMeasureApplyingInitiated|Applying of security measure initiated|INFO|haitamchin.vn|haitamchin.vn|220|https://haitamchin.vn|Security Measures|Applying of security measure "Block directory browsing" was initiated
[2021-06-02 14:35:18.351] SiteSecurityMeasureApplied|Security measure applied|INFO|haitamchin.vn|haitamchin.vn|220|https://haitamchin.vn|Security Measures|Security measure "Block directory browsing" was applied
[2021-06-02 14:35:23.445] SiteUpdatesCheckInitiated|Update check initiated|INFO|haitamchin.vn|haitamchin.vn|220|https://haitamchin.vn|Updates|Checking for available updates was initiated
[2021-06-02 14:35:27.787] SiteCoreHasNoUpdates|WordPress Core update not found|INFO|haitamchin.vn|haitamchin.vn|220|https://haitamchin.vn|Updates|Updates for WordPress core not found. Current WordPress core version: 5.7.2. WordPress core is up-to-date
[2021-06-02 14:35:28.270] SitePluginHasNoUpdates|Plugin updates not found|INFO|haitamchin.vn|haitamchin.vn|220|https://haitamchin.vn|Updates|Updates for plugin Akismet Anti-Spam (akismet) not found. Current plugin version: 4.1.9. Plugin is up-to-date
[2021-06-02 14:35:28.659] SitePluginHasNoUpdates|Plugin updates not found|INFO|haitamchin.vn|haitamchin.vn|220|https://haitamchin.vn|Updates|Updates for plugin Hello Dolly (hello) not found. Current plugin version: 1.7.2. Plugin is up-to-date
[2021-06-02 14:35:28.960] SiteThemeHasNoUpdates|Theme updates not found|INFO|haitamchin.vn|haitamchin.vn|220|https://haitamchin.vn|Updates|Updates for theme Twenty Nineteen (twentynineteen) not found. Current theme version: 2.0. Theme is up-to-date
[2021-06-02 14:35:29.253] SiteThemeHasNoUpdates|Theme updates not found|INFO|haitamchin.vn|haitamchin.vn|220|https://haitamchin.vn|Updates|Updates for theme Twenty Twenty (twentytwenty) not found. Current theme version: 1.7. Theme is up-to-date
[2021-06-02 14:35:29.561] SiteThemeHasNoUpdates|Theme updates not found|INFO|haitamchin.vn|haitamchin.vn|220|https://haitamchin.vn|Updates|Updates for theme Twenty Twenty-One (twentytwentyone) not found. Current theme version: 1.3. Theme is up-to-date
[2021-06-02 14:35:29.844] SiteUpdatesChecked|Update check successful|INFO|haitamchin.vn|haitamchin.vn|220|https://haitamchin.vn|Updates|Availability of updates was checked
[2021-06-02 14:35:33.431] SiteInstallationCompleted|WP installation completed|INFO|haitamchin.vn|haitamchin.vn|220|https://haitamchin.vn|Site Installation|WordPress installation for haitamchin.vn at https://haitamchin.vn completed without issues
[2021-06-02 14:35:48.058] LoginToWordPressInitiated|Login to WordPress initiated|INFO|haitamchin.vn|haitamchin.vn|220|https://haitamchin.vn|Site Admin|Login to WordPress admin interface initiated by haitamchin.vn
[2021-06-02 14:44:39.847] SiteLoginUrlPostfixChangeInitiated|Login URL change initiated|INFO|haitamchin.vn|haitamchin.vn|220|https://haitamchin.vn|Site Settings|Login URL postfix change initiated. Old login URL postfix: wp-login.php, new login URL postfix: login
[2021-06-02 14:44:40.177] SiteLoginUrlPostfixChanged|Login URL changed|INFO|haitamchin.vn|haitamchin.vn|220|https://haitamchin.vn|Site Settings|Login URL postfix was changed from wp-login.php to login
[2021-06-02 14:44:47.579] LoginToWordPressInitiated|Login to WordPress initiated|INFO|haitamchin.vn|haitamchin.vn|220|https://haitamchin.vn|Site Admin|Login to WordPress admin interface initiated by haitamchin.vn
[2021-06-04 06:11:17.205] DataRefreshInitiated|Data refresh initiated|INFO|Undefined|haitamchin.vn|220|https://haitamchin.vn|Site Data|Refreshing site data and flushing site data cache
[2021-06-04 06:11:17.803] SiteUpdatesCheckInitiated|Update check initiated|INFO|Undefined|haitamchin.vn|220|https://haitamchin.vn|Updates|Checking for available updates was initiated
[2021-06-04 06:11:29.539] SiteCoreHasNoUpdates|WordPress Core update not found|INFO|Undefined|haitamchin.vn|220|https://haitamchin.vn|Updates|Updates for WordPress core not found. Current WordPress core version: 5.7.2. WordPress core is up-to-date
[2021-06-04 06:11:29.675] SitePluginHasNoUpdates|Plugin updates not found|INFO|Undefined|haitamchin.vn|220|https://haitamchin.vn|Updates|Updates for plugin Akismet Anti-Spam (akismet) not found. Current plugin version: 4.1.9. Plugin is up-to-date
[2021-06-04 06:11:29.805] SitePluginHasNoUpdates|Plugin updates not found|INFO|Undefined|haitamchin.vn|220|https://haitamchin.vn|Updates|Updates for plugin Hello Dolly (hello) not found. Current plugin version: 1.7.2. Plugin is up-to-date
[2021-06-04 06:11:29.934] SitePluginHasNoUpdates|Plugin updates not found|INFO|Undefined|haitamchin.vn|220|https://haitamchin.vn|Updates|Updates for plugin Impose Shortcodes (impose-shortcodes) not found. Current plugin version: 1.0.2. Plugin is up-to-date
[2021-06-04 06:11:30.064] SitePluginHasNoUpdates|Plugin updates not found|INFO|Undefined|haitamchin.vn|220|https://haitamchin.vn|Updates|Updates for plugin Loco Translate (loco-translate) not found. Current plugin version: 2.5.2. Plugin is up-to-date
[2021-06-04 06:11:30.197] SitePluginHasNoUpdates|Plugin updates not found|INFO|Undefined|haitamchin.vn|220|https://haitamchin.vn|Updates|Updates for plugin MC4WP: Mailchimp for WordPress (mailchimp-for-wp) not found. Current plugin version: 4.8.5. Plugin is up-to-date
[2021-06-04 06:11:30.320] SitePluginHasNoUpdates|Plugin updates not found|INFO|Undefined|haitamchin.vn|220|https://haitamchin.vn|Updates|Updates for plugin One Click Demo Import (one-click-demo-import) not found. Current plugin version: 3.0.2. Plugin is up-to-date
[2021-06-04 06:11:30.442] SitePluginHasNoUpdates|Plugin updates not found|INFO|Undefined|haitamchin.vn|220|https://haitamchin.vn|Updates|Updates for plugin Regenerate Thumbnails (regenerate-thumbnails) not found. Current plugin version: 3.1.5. Plugin is up-to-date
[2021-06-04 06:11:30.562] SitePluginHasNoUpdates|Plugin updates not found|INFO|Undefined|haitamchin.vn|220|https://haitamchin.vn|Updates|Updates for plugin Social Feed Gallery (insta-gallery) not found. Current plugin version: 3.2.1. Plugin is up-to-date
[2021-06-04 06:11:30.700] SitePluginHasNoUpdates|Plugin updates not found|INFO|Undefined|haitamchin.vn|220|https://haitamchin.vn|Updates|Updates for plugin Top 10 (top-10) not found. Current plugin version: 2.9.5. Plugin is up-to-date
[2021-06-04 06:11:30.830] SiteThemeHasNoUpdates|Theme updates not found|INFO|Undefined|haitamchin.vn|220|https://haitamchin.vn|Updates|Updates for theme Impose Child (impose-child) not found. Current theme version: 1.1.7. Theme is up-to-date
[2021-06-04 06:11:30.962] SiteThemeHasNoUpdates|Theme updates not found|INFO|Undefined|haitamchin.vn|220|https://haitamchin.vn|Updates|Updates for theme Impose (impose) not found. Current theme version: 1.1.7. Theme is up-to-date
[2021-06-04 06:11:31.093] SiteThemeHasNoUpdates|Theme updates not found|INFO|Undefined|haitamchin.vn|220|https://haitamchin.vn|Updates|Updates for theme Twenty Nineteen (twentynineteen) not found. Current theme version: 2.0. Theme is up-to-date
[2021-06-04 06:11:31.235] SiteThemeHasNoUpdates|Theme updates not found|INFO|Undefined|haitamchin.vn|220|https://haitamchin.vn|Updates|Updates for theme Twenty Twenty (twentytwenty) not found. Current theme version: 1.7. Theme is up-to-date
[2021-06-04 06:11:31.386] SiteThemeHasNoUpdates|Theme updates not found|INFO|Undefined|haitamchin.vn|220|https://haitamchin.vn|Updates|Updates for theme Twenty Twenty-One (twentytwentyone) not found. Current theme version: 1.3. Theme is up-to-date
[2021-06-04 06:11:31.544] SiteUpdatesChecked|Update check successful|INFO|Undefined|haitamchin.vn|220|https://haitamchin.vn|Updates|Availability of updates was checked
[2021-06-04 06:11:41.792] DataRefreshed|Data refreshed|INFO|Undefined|haitamchin.vn|220|https://haitamchin.vn|Site Data|Site data was refreshed and stored in cache
[2021-06-05 06:02:31.572] DataRefreshInitiated|Data refresh initiated|INFO|Undefined|haitamchin.vn|220|https://haitamchin.vn|Site Data|Refreshing site data and flushing site data cache
[2021-06-05 06:02:32.239] SiteUpdatesCheckInitiated|Update check initiated|INFO|Undefined|haitamchin.vn|220|https://haitamchin.vn|Updates|Checking for available updates was initiated
[2021-06-05 06:02:43.673] SiteCoreHasNoUpdates|WordPress Core update not found|INFO|Undefined|haitamchin.vn|220|https://haitamchin.vn|Updates|Updates for WordPress core not found. Current WordPress core version: 5.7.2. WordPress core is up-to-date
[2021-06-05 06:02:43.799] SitePluginHasNoUpdates|Plugin updates not found|INFO|Undefined|haitamchin.vn|220|https://haitamchin.vn|Updates|Updates for plugin Akismet Anti-Spam (akismet) not found. Current plugin version: 4.1.9. Plugin is up-to-date
[2021-06-05 06:02:43.946] SitePluginHasNoUpdates|Plugin updates not found|INFO|Undefined|haitamchin.vn|220|https://haitamchin.vn|Updates|Updates for plugin Hello Dolly (hello) not found. Current plugin version: 1.7.2. Plugin is up-to-date
[2021-06-05 06:02:44.083] SitePluginHasNoUpdates|Plugin updates not found|INFO|Undefined|haitamchin.vn|220|https://haitamchin.vn|Updates|Updates for plugin Impose Shortcodes (impose-shortcodes) not found. Current plugin version: 1.0.2. Plugin is up-to-date
[2021-06-05 06:02:44.218] SitePluginHasNoUpdates|Plugin updates not found|INFO|Undefined|haitamchin.vn|220|https://haitamchin.vn|Updates|Updates for plugin Loco Translate (loco-translate) not found. Current plugin version: 2.5.2. Plugin is up-to-date
[2021-06-05 06:02:44.342] SitePluginHasNoUpdates|Plugin updates not found|INFO|Undefined|haitamchin.vn|220|https://haitamchin.vn|Updates|Updates for plugin MC4WP: Mailchimp for WordPress (mailchimp-for-wp) not found. Current plugin version: 4.8.5. Plugin is up-to-date
[2021-06-05 06:02:44.481] SitePluginHasNoUpdates|Plugin updates not found|INFO|Undefined|haitamchin.vn|220|https://haitamchin.vn|Updates|Updates for plugin One Click Demo Import (one-click-demo-import) not found. Current plugin version: 3.0.2. Plugin is up-to-date
[2021-06-05 06:02:44.606] SitePluginHasNoUpdates|Plugin updates not found|INFO|Undefined|haitamchin.vn|220|https://haitamchin.vn|Updates|Updates for plugin Regenerate Thumbnails (regenerate-thumbnails) not found. Current plugin version: 3.1.5. Plugin is up-to-date
[2021-06-05 06:02:44.757] SitePluginHasNoUpdates|Plugin updates not found|INFO|Undefined|haitamchin.vn|220|https://haitamchin.vn|Updates|Updates for plugin Social Feed Gallery (insta-gallery) not found. Current plugin version: 3.2.1. Plugin is up-to-date
[2021-06-05 06:02:44.894] SitePluginHasNoUpdates|Plugin updates not found|INFO|Undefined|haitamchin.vn|220|https://haitamchin.vn|Updates|Updates for plugin Top 10 (top-10) not found. Current plugin version: 2.9.5. Plugin is up-to-date
[2021-06-05 06:02:45.034] SiteThemeHasNoUpdates|Theme updates not found|INFO|Undefined|haitamchin.vn|220|https://haitamchin.vn|Updates|Updates for theme Impose Child (impose-child) not found. Current theme version: 1.1.7. Theme is up-to-date
[2021-06-05 06:02:45.170] SiteThemeHasNoUpdates|Theme updates not found|INFO|Undefined|haitamchin.vn|220|https://haitamchin.vn|Updates|Updates for theme Impose (impose) not found. Current theme version: 1.1.7. Theme is up-to-date
[2021-06-05 06:02:45.307] SiteThemeHasNoUpdates|Theme updates not found|INFO|Undefined|haitamchin.vn|220|https://haitamchin.vn|Updates|Updates for theme Twenty Nineteen (twentynineteen) not found. Current theme version: 2.0. Theme is up-to-date
[2021-06-05 06:02:45.457] SiteThemeHasNoUpdates|Theme updates not found|INFO|Undefined|haitamchin.vn|220|https://haitamchin.vn|Updates|Updates for theme Twenty Twenty (twentytwenty) not found. Current theme version: 1.7. Theme is up-to-date
[2021-06-05 06:02:45.606] SiteThemeHasNoUpdates|Theme updates not found|INFO|Undefined|haitamchin.vn|220|https://haitamchin.vn|Updates|Updates for theme Twenty Twenty-One (twentytwentyone) not found. Current theme version: 1.3. Theme is up-to-date
[2021-06-05 06:02:45.747] SiteUpdatesChecked|Update check successful|INFO|Undefined|haitamchin.vn|220|https://haitamchin.vn|Updates|Availability of updates was checked
[2021-06-05 06:02:56.224] DataRefreshed|Data refreshed|INFO|Undefined|haitamchin.vn|220|https://haitamchin.vn|Site Data|Site data was refreshed and stored in cache
[2021-06-06 05:58:22.886] DataRefreshInitiated|Data refresh initiated|INFO|Undefined|haitamchin.vn|220|https://haitamchin.vn|Site Data|Refreshing site data and flushing site data cache
[2021-06-06 05:58:23.517] SiteUpdatesCheckInitiated|Update check initiated|INFO|Undefined|haitamchin.vn|220|https://haitamchin.vn|Updates|Checking for available updates was initiated
[2021-06-06 05:58:33.053] SiteCoreHasNoUpdates|WordPress Core update not found|INFO|Undefined|haitamchin.vn|220|https://haitamchin.vn|Updates|Updates for WordPress core not found. Current WordPress core version: 5.7.2. WordPress core is up-to-date
[2021-06-06 05:58:33.204] SitePluginHasNoUpdates|Plugin updates not found|INFO|Undefined|haitamchin.vn|220|https://haitamchin.vn|Updates|Updates for plugin Akismet Anti-Spam (akismet) not found. Current plugin version: 4.1.9. Plugin is up-to-date
[2021-06-06 05:58:33.372] SitePluginHasNoUpdates|Plugin updates not found|INFO|Undefined|haitamchin.vn|220|https://haitamchin.vn|Updates|Updates for plugin Hello Dolly (hello) not found. Current plugin version: 1.7.2. Plugin is up-to-date
[2021-06-06 05:58:33.552] SitePluginHasNoUpdates|Plugin updates not found|INFO|Undefined|haitamchin.vn|220|https://haitamchin.vn|Updates|Updates for plugin Impose Shortcodes (impose-shortcodes) not found. Current plugin version: 1.0.2. Plugin is up-to-date
[2021-06-06 05:58:33.719] SitePluginHasNoUpdates|Plugin updates not found|INFO|Undefined|haitamchin.vn|220|https://haitamchin.vn|Updates|Updates for plugin Loco Translate (loco-translate) not found. Current plugin version: 2.5.2. Plugin is up-to-date
[2021-06-06 05:58:33.872] SitePluginHasNoUpdates|Plugin updates not found|INFO|Undefined|haitamchin.vn|220|https://haitamchin.vn|Updates|Updates for plugin MC4WP: Mailchimp for WordPress (mailchimp-for-wp) not found. Current plugin version: 4.8.5. Plugin is up-to-date
[2021-06-06 05:58:34.010] SitePluginHasNoUpdates|Plugin updates not found|INFO|Undefined|haitamchin.vn|220|https://haitamchin.vn|Updates|Updates for plugin One Click Demo Import (one-click-demo-import) not found. Current plugin version: 3.0.2. Plugin is up-to-date
[2021-06-06 05:58:34.159] SitePluginHasNoUpdates|Plugin updates not found|INFO|Undefined|haitamchin.vn|220|https://haitamchin.vn|Updates|Updates for plugin Regenerate Thumbnails (regenerate-thumbnails) not found. Current plugin version: 3.1.5. Plugin is up-to-date
[2021-06-06 05:58:34.315] SitePluginHasNoUpdates|Plugin updates not found|INFO|Undefined|haitamchin.vn|220|https://haitamchin.vn|Updates|Updates for plugin Social Feed Gallery (insta-gallery) not found. Current plugin version: 3.2.1. Plugin is up-to-date
[2021-06-06 05:58:34.475] SitePluginHasNoUpdates|Plugin updates not found|INFO|Undefined|haitamchin.vn|220|https://haitamchin.vn|Updates|Updates for plugin Top 10 (top-10) not found. Current plugin version: 2.9.5. Plugin is up-to-date
[2021-06-06 05:58:34.635] SiteThemeHasNoUpdates|Theme updates not found|INFO|Undefined|haitamchin.vn|220|https://haitamchin.vn|Updates|Updates for theme Impose Child (impose-child) not found. Current theme version: 1.1.7. Theme is up-to-date
[2021-06-06 05:58:34.795] SiteThemeHasNoUpdates|Theme updates not found|INFO|Undefined|haitamchin.vn|220|https://haitamchin.vn|Updates|Updates for theme Impose (impose) not found. Current theme version: 1.1.7. Theme is up-to-date
[2021-06-06 05:58:34.954] SiteThemeHasNoUpdates|Theme updates not found|INFO|Undefined|haitamchin.vn|220|https://haitamchin.vn|Updates|Updates for theme Twenty Nineteen (twentynineteen) not found. Current theme version: 2.0. Theme is up-to-date
[2021-06-06 05:58:35.108] SiteThemeHasNoUpdates|Theme updates not found|INFO|Undefined|haitamchin.vn|220|https://haitamchin.vn|Updates|Updates for theme Twenty Twenty (twentytwenty) not found. Current theme version: 1.7. Theme is up-to-date
[2021-06-06 05:58:35.265] SiteThemeHasNoUpdates|Theme updates not found|INFO|Undefined|haitamchin.vn|220|https://haitamchin.vn|Updates|Updates for theme Twenty Twenty-One (twentytwentyone) not found. Current theme version: 1.3. Theme is up-to-date
[2021-06-06 05:58:35.423] SiteUpdatesChecked|Update check successful|INFO|Undefined|haitamchin.vn|220|https://haitamchin.vn|Updates|Availability of updates was checked
[2021-06-06 05:58:45.672] DataRefreshed|Data refreshed|INFO|Undefined|haitamchin.vn|220|https://haitamchin.vn|Site Data|Site data was refreshed and stored in cache
[2021-06-07 06:02:07.185] DataRefreshInitiated|Data refresh initiated|INFO|Undefined|haitamchin.vn|220|https://haitamchin.vn|Site Data|Refreshing site data and flushing site data cache
[2021-06-07 06:02:07.828] SiteUpdatesCheckInitiated|Update check initiated|INFO|Undefined|haitamchin.vn|220|https://haitamchin.vn|Updates|Checking for available updates was initiated
[2021-06-07 06:02:17.498] SiteCoreHasNoUpdates|WordPress Core update not found|INFO|Undefined|haitamchin.vn|220|https://haitamchin.vn|Updates|Updates for WordPress core not found. Current WordPress core version: 5.7.2. WordPress core is up-to-date
[2021-06-07 06:02:17.668] SitePluginHasNoUpdates|Plugin updates not found|INFO|Undefined|haitamchin.vn|220|https://haitamchin.vn|Updates|Updates for plugin Akismet Anti-Spam (akismet) not found. Current plugin version: 4.1.9. Plugin is up-to-date
[2021-06-07 06:02:17.819] SitePluginHasNoUpdates|Plugin updates not found|INFO|Undefined|haitamchin.vn|220|https://haitamchin.vn|Updates|Updates for plugin Hello Dolly (hello) not found. Current plugin version: 1.7.2. Plugin is up-to-date
[2021-06-07 06:02:17.955] SitePluginHasNoUpdates|Plugin updates not found|INFO|Undefined|haitamchin.vn|220|https://haitamchin.vn|Updates|Updates for plugin Impose Shortcodes (impose-shortcodes) not found. Current plugin version: 1.0.2. Plugin is up-to-date
[2021-06-07 06:02:18.098] SitePluginHasNoUpdates|Plugin updates not found|INFO|Undefined|haitamchin.vn|220|https://haitamchin.vn|Updates|Updates for plugin Loco Translate (loco-translate) not found. Current plugin version: 2.5.2. Plugin is up-to-date
[2021-06-07 06:02:18.242] SitePluginHasNoUpdates|Plugin updates not found|INFO|Undefined|haitamchin.vn|220|https://haitamchin.vn|Updates|Updates for plugin MC4WP: Mailchimp for WordPress (mailchimp-for-wp) not found. Current plugin version: 4.8.5. Plugin is up-to-date
[2021-06-07 06:02:18.390] SitePluginHasNoUpdates|Plugin updates not found|INFO|Undefined|haitamchin.vn|220|https://haitamchin.vn|Updates|Updates for plugin One Click Demo Import (one-click-demo-import) not found. Current plugin version: 3.0.2. Plugin is up-to-date
[2021-06-07 06:02:18.536] SitePluginHasNoUpdates|Plugin updates not found|INFO|Undefined|haitamchin.vn|220|https://haitamchin.vn|Updates|Updates for plugin Regenerate Thumbnails (regenerate-thumbnails) not found. Current plugin version: 3.1.5. Plugin is up-to-date
[2021-06-07 06:02:18.675] SitePluginHasNoUpdates|Plugin updates not found|INFO|Undefined|haitamchin.vn|220|https://haitamchin.vn|Updates|Updates for plugin Social Feed Gallery (insta-gallery) not found. Current plugin version: 3.2.1. Plugin is up-to-date
[2021-06-07 06:02:18.815] SitePluginHasNoUpdates|Plugin updates not found|INFO|Undefined|haitamchin.vn|220|https://haitamchin.vn|Updates|Updates for plugin Top 10 (top-10) not found. Current plugin version: 2.9.5. Plugin is up-to-date
[2021-06-07 06:02:18.959] SiteThemeHasNoUpdates|Theme updates not found|INFO|Undefined|haitamchin.vn|220|https://haitamchin.vn|Updates|Updates for theme Impose Child (impose-child) not found. Current theme version: 1.1.7. Theme is up-to-date
[2021-06-07 06:02:19.097] SiteThemeHasNoUpdates|Theme updates not found|INFO|Undefined|haitamchin.vn|220|https://haitamchin.vn|Updates|Updates for theme Impose (impose) not found. Current theme version: 1.1.7. Theme is up-to-date
[2021-06-07 06:02:19.225] SiteThemeHasNoUpdates|Theme updates not found|INFO|Undefined|haitamchin.vn|220|https://haitamchin.vn|Updates|Updates for theme Twenty Nineteen (twentynineteen) not found. Current theme version: 2.0. Theme is up-to-date
[2021-06-07 06:02:19.373] SiteThemeHasNoUpdates|Theme updates not found|INFO|Undefined|haitamchin.vn|220|https://haitamchin.vn|Updates|Updates for theme Twenty Twenty (twentytwenty) not found. Current theme version: 1.7. Theme is up-to-date
[2021-06-07 06:02:19.520] SiteThemeHasNoUpdates|Theme updates not found|INFO|Undefined|haitamchin.vn|220|https://haitamchin.vn|Updates|Updates for theme Twenty Twenty-One (twentytwentyone) not found. Current theme version: 1.3. Theme is up-to-date
[2021-06-07 06:02:19.668] SiteUpdatesChecked|Update check successful|INFO|Undefined|haitamchin.vn|220|https://haitamchin.vn|Updates|Availability of updates was checked
[2021-06-07 06:02:29.079] DataRefreshed|Data refreshed|INFO|Undefined|haitamchin.vn|220|https://haitamchin.vn|Site Data|Site data was refreshed and stored in cache
[2021-06-08 05:55:15.584] DataRefreshInitiated|Data refresh initiated|INFO|Undefined|haitamchin.vn|220|https://haitamchin.vn|Site Data|Refreshing site data and flushing site data cache
[2021-06-08 05:55:16.289] SiteUpdatesCheckInitiated|Update check initiated|INFO|Undefined|haitamchin.vn|220|https://haitamchin.vn|Updates|Checking for available updates was initiated
[2021-06-08 05:55:23.989] SiteCoreHasNoUpdates|WordPress Core update not found|INFO|Undefined|haitamchin.vn|220|https://haitamchin.vn|Updates|Updates for WordPress core not found. Current WordPress core version: 5.7.2. WordPress core is up-to-date
[2021-06-08 05:55:24.131] SitePluginHasNoUpdates|Plugin updates not found|INFO|Undefined|haitamchin.vn|220|https://haitamchin.vn|Updates|Updates for plugin Akismet Anti-Spam (akismet) not found. Current plugin version: 4.1.9. Plugin is up-to-date
[2021-06-08 05:55:24.261] SitePluginHasNoUpdates|Plugin updates not found|INFO|Undefined|haitamchin.vn|220|https://haitamchin.vn|Updates|Updates for plugin Hello Dolly (hello) not found. Current plugin version: 1.7.2. Plugin is up-to-date
[2021-06-08 05:55:24.401] SitePluginHasNoUpdates|Plugin updates not found|INFO|Undefined|haitamchin.vn|220|https://haitamchin.vn|Updates|Updates for plugin Impose Shortcodes (impose-shortcodes) not found. Current plugin version: 1.0.2. Plugin is up-to-date
[2021-06-08 05:55:24.533] SitePluginHasNoUpdates|Plugin updates not found|INFO|Undefined|haitamchin.vn|220|https://haitamchin.vn|Updates|Updates for plugin Loco Translate (loco-translate) not found. Current plugin version: 2.5.2. Plugin is up-to-date
[2021-06-08 05:55:24.669] SitePluginHasNoUpdates|Plugin updates not found|INFO|Undefined|haitamchin.vn|220|https://haitamchin.vn|Updates|Updates for plugin MC4WP: Mailchimp for WordPress (mailchimp-for-wp) not found. Current plugin version: 4.8.5. Plugin is up-to-date
[2021-06-08 05:55:24.794] SitePluginHasNoUpdates|Plugin updates not found|INFO|Undefined|haitamchin.vn|220|https://haitamchin.vn|Updates|Updates for plugin One Click Demo Import (one-click-demo-import) not found. Current plugin version: 3.0.2. Plugin is up-to-date
[2021-06-08 05:55:24.925] SitePluginHasNoUpdates|Plugin updates not found|INFO|Undefined|haitamchin.vn|220|https://haitamchin.vn|Updates|Updates for plugin Regenerate Thumbnails (regenerate-thumbnails) not found. Current plugin version: 3.1.5. Plugin is up-to-date
[2021-06-08 05:55:25.053] SitePluginHasNoUpdates|Plugin updates not found|INFO|Undefined|haitamchin.vn|220|https://haitamchin.vn|Updates|Updates for plugin Social Feed Gallery (insta-gallery) not found. Current plugin version: 3.2.1. Plugin is up-to-date
[2021-06-08 05:55:25.172] SitePluginHasNoUpdates|Plugin updates not found|INFO|Undefined|haitamchin.vn|220|https://haitamchin.vn|Updates|Updates for plugin Top 10 (top-10) not found. Current plugin version: 2.9.5. Plugin is up-to-date
[2021-06-08 05:55:25.297] SiteThemeHasNoUpdates|Theme updates not found|INFO|Undefined|haitamchin.vn|220|https://haitamchin.vn|Updates|Updates for theme Impose Child (impose-child) not found. Current theme version: 1.1.7. Theme is up-to-date
[2021-06-08 05:55:25.419] SiteThemeHasNoUpdates|Theme updates not found|INFO|Undefined|haitamchin.vn|220|https://haitamchin.vn|Updates|Updates for theme Impose (impose) not found. Current theme version: 1.1.7. Theme is up-to-date
[2021-06-08 05:55:25.545] SiteThemeHasNoUpdates|Theme updates not found|INFO|Undefined|haitamchin.vn|220|https://haitamchin.vn|Updates|Updates for theme Twenty Nineteen (twentynineteen) not found. Current theme version: 2.0. Theme is up-to-date
[2021-06-08 05:55:25.666] SiteThemeHasNoUpdates|Theme updates not found|INFO|Undefined|haitamchin.vn|220|https://haitamchin.vn|Updates|Updates for theme Twenty Twenty (twentytwenty) not found. Current theme version: 1.7. Theme is up-to-date
[2021-06-08 05:55:25.789] SiteThemeHasNoUpdates|Theme updates not found|INFO|Undefined|haitamchin.vn|220|https://haitamchin.vn|Updates|Updates for theme Twenty Twenty-One (twentytwentyone) not found. Current theme version: 1.3. Theme is up-to-date
[2021-06-08 05:55:25.927] SiteUpdatesChecked|Update check successful|INFO|Undefined|haitamchin.vn|220|https://haitamchin.vn|Updates|Availability of updates was checked
[2021-06-08 05:55:35.853] DataRefreshed|Data refreshed|INFO|Undefined|haitamchin.vn|220|https://haitamchin.vn|Site Data|Site data was refreshed and stored in cache
[2021-06-09 06:06:25.908] DataRefreshInitiated|Data refresh initiated|INFO|Undefined|haitamchin.vn|220|https://haitamchin.vn|Site Data|Refreshing site data and flushing site data cache
[2021-06-09 06:06:26.648] SiteUpdatesCheckInitiated|Update check initiated|INFO|Undefined|haitamchin.vn|220|https://haitamchin.vn|Updates|Checking for available updates was initiated
[2021-06-09 06:06:35.753] SiteCoreHasNoUpdates|WordPress Core update not found|INFO|Undefined|haitamchin.vn|220|https://haitamchin.vn|Updates|Updates for WordPress core not found. Current WordPress core version: 5.7.2. WordPress core is up-to-date
[2021-06-09 06:06:35.897] SitePluginHasNoUpdates|Plugin updates not found|INFO|Undefined|haitamchin.vn|220|https://haitamchin.vn|Updates|Updates for plugin Akismet Anti-Spam (akismet) not found. Current plugin version: 4.1.9. Plugin is up-to-date
[2021-06-09 06:06:36.043] SitePluginHasNoUpdates|Plugin updates not found|INFO|Undefined|haitamchin.vn|220|https://haitamchin.vn|Updates|Updates for plugin Hello Dolly (hello) not found. Current plugin version: 1.7.2. Plugin is up-to-date
[2021-06-09 06:06:36.209] SitePluginHasNoUpdates|Plugin updates not found|INFO|Undefined|haitamchin.vn|220|https://haitamchin.vn|Updates|Updates for plugin Impose Shortcodes (impose-shortcodes) not found. Current plugin version: 1.0.2. Plugin is up-to-date
[2021-06-09 06:06:36.366] SitePluginHasNoUpdates|Plugin updates not found|INFO|Undefined|haitamchin.vn|220|https://haitamchin.vn|Updates|Updates for plugin Loco Translate (loco-translate) not found. Current plugin version: 2.5.2. Plugin is up-to-date
[2021-06-09 06:06:36.512] SitePluginHasNoUpdates|Plugin updates not found|INFO|Undefined|haitamchin.vn|220|https://haitamchin.vn|Updates|Updates for plugin MC4WP: Mailchimp for WordPress (mailchimp-for-wp) not found. Current plugin version: 4.8.5. Plugin is up-to-date
[2021-06-09 06:06:36.649] SitePluginHasNoUpdates|Plugin updates not found|INFO|Undefined|haitamchin.vn|220|https://haitamchin.vn|Updates|Updates for plugin One Click Demo Import (one-click-demo-import) not found. Current plugin version: 3.0.2. Plugin is up-to-date
[2021-06-09 06:06:36.805] SitePluginHasNoUpdates|Plugin updates not found|INFO|Undefined|haitamchin.vn|220|https://haitamchin.vn|Updates|Updates for plugin Regenerate Thumbnails (regenerate-thumbnails) not found. Current plugin version: 3.1.5. Plugin is up-to-date
[2021-06-09 06:06:36.956] SitePluginHasNoUpdates|Plugin updates not found|INFO|Undefined|haitamchin.vn|220|https://haitamchin.vn|Updates|Updates for plugin Social Feed Gallery (insta-gallery) not found. Current plugin version: 3.2.1. Plugin is up-to-date
[2021-06-09 06:06:37.120] SitePluginHasNoUpdates|Plugin updates not found|INFO|Undefined|haitamchin.vn|220|https://haitamchin.vn|Updates|Updates for plugin Top 10 (top-10) not found. Current plugin version: 2.9.5. Plugin is up-to-date
[2021-06-09 06:06:37.299] SiteThemeHasNoUpdates|Theme updates not found|INFO|Undefined|haitamchin.vn|220|https://haitamchin.vn|Updates|Updates for theme Impose Child (impose-child) not found. Current theme version: 1.1.7. Theme is up-to-date
[2021-06-09 06:06:37.474] SiteThemeHasNoUpdates|Theme updates not found|INFO|Undefined|haitamchin.vn|220|https://haitamchin.vn|Updates|Updates for theme Impose (impose) not found. Current theme version: 1.1.7. Theme is up-to-date
[2021-06-09 06:06:37.626] SiteThemeHasNoUpdates|Theme updates not found|INFO|Undefined|haitamchin.vn|220|https://haitamchin.vn|Updates|Updates for theme Twenty Nineteen (twentynineteen) not found. Current theme version: 2.0. Theme is up-to-date
[2021-06-09 06:06:37.783] SiteThemeHasNoUpdates|Theme updates not found|INFO|Undefined|haitamchin.vn|220|https://haitamchin.vn|Updates|Updates for theme Twenty Twenty (twentytwenty) not found. Current theme version: 1.7. Theme is up-to-date
[2021-06-09 06:06:37.958] SiteThemeHasNoUpdates|Theme updates not found|INFO|Undefined|haitamchin.vn|220|https://haitamchin.vn|Updates|Updates for theme Twenty Twenty-One (twentytwentyone) not found. Current theme version: 1.3. Theme is up-to-date
[2021-06-09 06:06:38.125] SiteUpdatesChecked|Update check successful|INFO|Undefined|haitamchin.vn|220|https://haitamchin.vn|Updates|Availability of updates was checked
[2021-06-09 06:06:48.635] DataRefreshed|Data refreshed|INFO|Undefined|haitamchin.vn|220|https://haitamchin.vn|Site Data|Site data was refreshed and stored in cache
[2021-06-10 06:00:53.551] DataRefreshInitiated|Data refresh initiated|INFO|Undefined|haitamchin.vn|220|https://haitamchin.vn|Site Data|Refreshing site data and flushing site data cache
[2021-06-10 06:00:54.180] SiteUpdatesCheckInitiated|Update check initiated|INFO|Undefined|haitamchin.vn|220|https://haitamchin.vn|Updates|Checking for available updates was initiated
[2021-06-10 06:01:03.047] SiteCoreHasNoUpdates|WordPress Core update not found|INFO|Undefined|haitamchin.vn|220|https://haitamchin.vn|Updates|Updates for WordPress core not found. Current WordPress core version: 5.7.2. WordPress core is up-to-date
[2021-06-10 06:01:03.204] SitePluginHasNoUpdates|Plugin updates not found|INFO|Undefined|haitamchin.vn|220|https://haitamchin.vn|Updates|Updates for plugin Akismet Anti-Spam (akismet) not found. Current plugin version: 4.1.9. Plugin is up-to-date
[2021-06-10 06:01:03.344] SitePluginHasNoUpdates|Plugin updates not found|INFO|Undefined|haitamchin.vn|220|https://haitamchin.vn|Updates|Updates for plugin Hello Dolly (hello) not found. Current plugin version: 1.7.2. Plugin is up-to-date
[2021-06-10 06:01:03.483] SitePluginHasNoUpdates|Plugin updates not found|INFO|Undefined|haitamchin.vn|220|https://haitamchin.vn|Updates|Updates for plugin Impose Shortcodes (impose-shortcodes) not found. Current plugin version: 1.0.2. Plugin is up-to-date
[2021-06-10 06:01:03.618] SitePluginHasNoUpdates|Plugin updates not found|INFO|Undefined|haitamchin.vn|220|https://haitamchin.vn|Updates|Updates for plugin Loco Translate (loco-translate) not found. Current plugin version: 2.5.2. Plugin is up-to-date
[2021-06-10 06:01:03.764] SitePluginHasNoUpdates|Plugin updates not found|INFO|Undefined|haitamchin.vn|220|https://haitamchin.vn|Updates|Updates for plugin MC4WP: Mailchimp for WordPress (mailchimp-for-wp) not found. Current plugin version: 4.8.5. Plugin is up-to-date
[2021-06-10 06:01:04.732] SitePluginHasNoUpdates|Plugin updates not found|INFO|Undefined|haitamchin.vn|220|https://haitamchin.vn|Updates|Updates for plugin One Click Demo Import (one-click-demo-import) not found. Current plugin version: 3.0.2. Plugin is up-to-date
[2021-06-10 06:01:04.890] SitePluginHasNoUpdates|Plugin updates not found|INFO|Undefined|haitamchin.vn|220|https://haitamchin.vn|Updates|Updates for plugin Regenerate Thumbnails (regenerate-thumbnails) not found. Current plugin version: 3.1.5. Plugin is up-to-date
[2021-06-10 06:01:05.052] SitePluginHasNoUpdates|Plugin updates not found|INFO|Undefined|haitamchin.vn|220|https://haitamchin.vn|Updates|Updates for plugin Social Feed Gallery (insta-gallery) not found. Current plugin version: 3.2.1. Plugin is up-to-date
[2021-06-10 06:01:05.197] SitePluginHasNoUpdates|Plugin updates not found|INFO|Undefined|haitamchin.vn|220|https://haitamchin.vn|Updates|Updates for plugin Top 10 (top-10) not found. Current plugin version: 2.9.5. Plugin is up-to-date
[2021-06-10 06:01:05.364] SiteThemeHasNoUpdates|Theme updates not found|INFO|Undefined|haitamchin.vn|220|https://haitamchin.vn|Updates|Updates for theme Impose Child (impose-child) not found. Current theme version: 1.1.7. Theme is up-to-date
[2021-06-10 06:01:05.517] SiteThemeHasNoUpdates|Theme updates not found|INFO|Undefined|haitamchin.vn|220|https://haitamchin.vn|Updates|Updates for theme Impose (impose) not found. Current theme version: 1.1.7. Theme is up-to-date
[2021-06-10 06:01:05.670] SiteThemeHasNoUpdates|Theme updates not found|INFO|Undefined|haitamchin.vn|220|https://haitamchin.vn|Updates|Updates for theme Twenty Nineteen (twentynineteen) not found. Current theme version: 2.0. Theme is up-to-date
[2021-06-10 06:01:05.808] SiteThemeHasNoUpdates|Theme updates not found|INFO|Undefined|haitamchin.vn|220|https://haitamchin.vn|Updates|Updates for theme Twenty Twenty (twentytwenty) not found. Current theme version: 1.7. Theme is up-to-date
[2021-06-10 06:01:06.486] SiteThemeHasNoUpdates|Theme updates not found|INFO|Undefined|haitamchin.vn|220|https://haitamchin.vn|Updates|Updates for theme Twenty Twenty-One (twentytwentyone) not found. Current theme version: 1.3. Theme is up-to-date
[2021-06-10 06:01:06.626] SiteUpdatesChecked|Update check successful|INFO|Undefined|haitamchin.vn|220|https://haitamchin.vn|Updates|Availability of updates was checked
[2021-06-10 06:01:16.459] DataRefreshed|Data refreshed|INFO|Undefined|haitamchin.vn|220|https://haitamchin.vn|Site Data|Site data was refreshed and stored in cache
[2021-06-10 17:47:10.534] SiteSecurityCheckInitiated|Security check initiated|INFO|haitamchin.vn|haitamchin.vn|220|https://haitamchin.vn|Security Measures|Security measures status check initiated
[2021-06-10 17:47:13.999] SiteSecurityChecked|Security check successful|INFO|haitamchin.vn|haitamchin.vn|220|https://haitamchin.vn|Security Measures|Status of security measures checked
[2021-06-11 06:05:19.088] DataRefreshInitiated|Data refresh initiated|INFO|Undefined|haitamchin.vn|220|https://haitamchin.vn|Site Data|Refreshing site data and flushing site data cache
[2021-06-11 06:05:19.785] SiteUpdatesCheckInitiated|Update check initiated|INFO|Undefined|haitamchin.vn|220|https://haitamchin.vn|Updates|Checking for available updates was initiated
[2021-06-11 06:05:28.464] SiteCoreHasNoUpdates|WordPress Core update not found|INFO|Undefined|haitamchin.vn|220|https://haitamchin.vn|Updates|Updates for WordPress core not found. Current WordPress core version: 5.7.2. WordPress core is up-to-date
[2021-06-11 06:05:28.618] SitePluginHasNoUpdates|Plugin updates not found|INFO|Undefined|haitamchin.vn|220|https://haitamchin.vn|Updates|Updates for plugin Akismet Anti-Spam (akismet) not found. Current plugin version: 4.1.9. Plugin is up-to-date
[2021-06-11 06:05:28.767] SitePluginHasNoUpdates|Plugin updates not found|INFO|Undefined|haitamchin.vn|220|https://haitamchin.vn|Updates|Updates for plugin Hello Dolly (hello) not found. Current plugin version: 1.7.2. Plugin is up-to-date
[2021-06-11 06:05:28.921] SitePluginHasNoUpdates|Plugin updates not found|INFO|Undefined|haitamchin.vn|220|https://haitamchin.vn|Updates|Updates for plugin Impose Shortcodes (impose-shortcodes) not found. Current plugin version: 1.0.2. Plugin is up-to-date
[2021-06-11 06:05:29.070] SitePluginHasNoUpdates|Plugin updates not found|INFO|Undefined|haitamchin.vn|220|https://haitamchin.vn|Updates|Updates for plugin Loco Translate (loco-translate) not found. Current plugin version: 2.5.2. Plugin is up-to-date
[2021-06-11 06:05:29.590] SitePluginHasNoUpdates|Plugin updates not found|INFO|Undefined|haitamchin.vn|220|https://haitamchin.vn|Updates|Updates for plugin MC4WP: Mailchimp for WordPress (mailchimp-for-wp) not found. Current plugin version: 4.8.5. Plugin is up-to-date
[2021-06-11 06:05:29.749] SitePluginHasNoUpdates|Plugin updates not found|INFO|Undefined|haitamchin.vn|220|https://haitamchin.vn|Updates|Updates for plugin One Click Demo Import (one-click-demo-import) not found. Current plugin version: 3.0.2. Plugin is up-to-date
[2021-06-11 06:05:29.913] SitePluginHasNoUpdates|Plugin updates not found|INFO|Undefined|haitamchin.vn|220|https://haitamchin.vn|Updates|Updates for plugin Regenerate Thumbnails (regenerate-thumbnails) not found. Current plugin version: 3.1.5. Plugin is up-to-date
[2021-06-11 06:05:30.310] SitePluginHasNoUpdates|Plugin updates not found|INFO|Undefined|haitamchin.vn|220|https://haitamchin.vn|Updates|Updates for plugin Social Feed Gallery (insta-gallery) not found. Current plugin version: 3.2.1. Plugin is up-to-date
[2021-06-11 06:05:30.471] SitePluginHasNoUpdates|Plugin updates not found|INFO|Undefined|haitamchin.vn|220|https://haitamchin.vn|Updates|Updates for plugin Top 10 (top-10) not found. Current plugin version: 2.9.5. Plugin is up-to-date
[2021-06-11 06:05:30.622] SiteThemeHasNoUpdates|Theme updates not found|INFO|Undefined|haitamchin.vn|220|https://haitamchin.vn|Updates|Updates for theme Impose Child (impose-child) not found. Current theme version: 1.1.7. Theme is up-to-date
[2021-06-11 06:05:30.775] SiteThemeHasNoUpdates|Theme updates not found|INFO|Undefined|haitamchin.vn|220|https://haitamchin.vn|Updates|Updates for theme Impose (impose) not found. Current theme version: 1.1.7. Theme is up-to-date
[2021-06-11 06:05:30.926] SiteThemeHasNoUpdates|Theme updates not found|INFO|Undefined|haitamchin.vn|220|https://haitamchin.vn|Updates|Updates for theme Twenty Nineteen (twentynineteen) not found. Current theme version: 2.0. Theme is up-to-date
[2021-06-11 06:05:31.116] SiteThemeHasNoUpdates|Theme updates not found|INFO|Undefined|haitamchin.vn|220|https://haitamchin.vn|Updates|Updates for theme Twenty Twenty (twentytwenty) not found. Current theme version: 1.7. Theme is up-to-date
[2021-06-11 06:05:31.272] SiteThemeHasNoUpdates|Theme updates not found|INFO|Undefined|haitamchin.vn|220|https://haitamchin.vn|Updates|Updates for theme Twenty Twenty-One (twentytwentyone) not found. Current theme version: 1.3. Theme is up-to-date
[2021-06-11 06:05:31.437] SiteUpdatesChecked|Update check successful|INFO|Undefined|haitamchin.vn|220|https://haitamchin.vn|Updates|Availability of updates was checked
[2021-06-11 06:05:42.132] DataRefreshed|Data refreshed|INFO|Undefined|haitamchin.vn|220|https://haitamchin.vn|Site Data|Site data was refreshed and stored in cache
